<?xml version="1.0" encoding="UTF-8"?>
<!-- Generated by org.testng.reporters.JUnitXMLReporter -->
<testsuite ignored="0" hostname="DESKTOP-032BQ8K" failures="1" tests="1" name="Test1" time="0.012" errors="0" timestamp="2022-09-16T02:01:02 IST">
  <testcase classname="tests.TwoTest" name="twoTest" time="0.007">
    <failure type="java.lang.NullPointerException">
      <![CDATA[java.lang.NullPointerException
at resources.Base.screenShots(Base.java:47)
at listeners.Listeners.onTestStart(Listeners.java:26)
at java.base/java.util.ArrayList.forEach(ArrayList.java:1541)
... Removed 24 stack frames]]>
    </failure>
  </testcase> <!-- twoTest -->
</testsuite> <!-- Test1 -->
